<?xml version="1.0" encoding="UTF-8"?>
<testng-results ignored="0" total="1" passed="1" failed="0" skipped="0">
  <reporter-output>
  </reporter-output>
  <suite started-at="2023-10-17T12:20:15 IST" name="Suite" finished-at="2023-10-17T12:20:36 IST" duration-ms="21144">
    <groups>
    </groups>
    <test started-at="2023-10-17T12:20:15 IST" name="Test" finished-at="2023-10-17T12:20:36 IST" duration-ms="21144">
      <class name="TestCases.AssesmentTC">
        <test-method is-config="true" signature="extendReport()[pri:0, instance:TestCases.AssesmentTC@61001b64]" started-at="2023-10-17T12:20:15 IST" name="extendReport" finished-at="2023-10-17T12:20:15 IST" duration-ms="363" status="PASS">
          <reporter-output>
          </reporter-output>
        </test-method> <!-- extendReport -->
        <test-method is-config="true" signature="launchBrowser()[pri:0, instance:TestCases.AssesmentTC@61001b64]" started-at="2023-10-17T12:20:15 IST" name="launchBrowser" finished-at="2023-10-17T12:20:21 IST" duration-ms="6510" status="PASS">
          <reporter-output>
          </reporter-output>
        </test-method> <!-- launchBrowser -->
        <test-method signature="AssignAssesment()[pri:0, instance:TestCases.AssesmentTC@61001b64]" started-at="2023-10-17T12:20:21 IST" name="AssignAssesment" finished-at="2023-10-17T12:20:31 IST" duration-ms="9898" status="PASS">
          <reporter-output>
          </reporter-output>
        </test-method> <!-- AssignAssesment -->
        <test-method is-config="true" signature="report(org.testng.ITestResult)[pri:0, instance:TestCases.AssesmentTC@61001b64]" started-at="2023-10-17T12:20:31 IST" name="report" finished-at="2023-10-17T12:20:34 IST" duration-ms="2448" status="PASS">
          <params>
            <param index="0">
              <value>
                <![CDATA[[TestResult name=AssignAssesment status=SUCCESS method=AssesmentTC.AssignAssesment()[pri:0, instance:TestCases.AssesmentTC@61001b64] output={null}]]]>
              </value>
            </param>
          </params>
          <reporter-output>
          </reporter-output>
        </test-method> <!-- report -->
        <test-method is-config="true" signature="tearDown()[pri:0, instance:TestCases.AssesmentTC@61001b64]" started-at="2023-10-17T12:20:34 IST" name="tearDown" finished-at="2023-10-17T12:20:36 IST" duration-ms="2223" status="PASS">
          <reporter-output>
          </reporter-output>
        </test-method> <!-- tearDown -->
      </class> <!-- TestCases.AssesmentTC -->
    </test> <!-- Test -->
  </suite> <!-- Suite -->
</testng-results>
